<?xml version="1.0" encoding="UTF-8"?>
<!-- Generated by org.testng.reporters.JUnitReportReporter -->
<testsuite skipped="0" hostname="VAIO" name="com.discovery.qa.test.HomePage" tests="1" failures="0" timestamp="17 Jul 2019 03:50:50 GMT" time="50.076" errors="0">
  <testcase name="VerifyAddedFavouriteVideosWithMyFavouriteShows" time="50.076" classname="com.discovery.qa.test.HomePage"/>
</testsuite> <!-- com.discovery.qa.test.HomePage -->
