<?xml version="1.0" encoding="UTF-8"?>
<!-- Generated by org.testng.reporters.JUnitReportReporter -->
<testsuite skipped="0" hostname="VAIO" name="com.discovery.qa.test.HomePage1" tests="1" failures="0" timestamp="16 Jul 2019 10:12:15 GMT" time="59.239" errors="0">
  <testcase name="discoverytitle" time="59.239" classname="com.discovery.qa.test.HomePage1"/>
</testsuite> <!-- com.discovery.qa.test.HomePage1 -->
